<?xml version="1.0" encoding="UTF-8"?>
<testsuite name="com.example.practicaCrud.PracticaCrudApplicationTests" tests="1" skipped="0" failures="0" errors="0" timestamp="2023-12-09T22:04:25" hostname="POINTER" time="0.461">
  <properties/>
  <testcase name="contextLoads()" classname="com.example.practicaCrud.PracticaCrudApplicationTests" time="0.461"/>
  <system-out><![CDATA[18:04:19.367 [Test worker] INFO org.springframework.test.context.support.AnnotationConfigContextLoaderUtils -- Could not detect default configuration classes for test class [com.example.practicaCrud.PracticaCrudApplicationTests]: PracticaCrudApplicationTests does not declare any static, non-private, non-final, nested classes annotated with @Configuration.
18:04:19.483 [Test worker] INFO org.springframework.boot.test.context.SpringBootTestContextBootstrapper -- Found @SpringBootConfiguration com.example.practicaCrud.PracticaCrudApplication for test class com.example.practicaCrud.PracticaCrudApplicationTests

  .   ____          _            __ _ _
 /\\ / ___'_ __ _ _(_)_ __  __ _ \ \ \ \
( ( )\___ | '_ | '_| | '_ \/ _` | \ \ \ \
 \\/  ___)| |_)| | | | | || (_| |  ) ) ) )
  '  |____| .__|_| |_|_| |_\__, | / / / /
 =========|_|==============|___/=/_/_/_/
 :: Spring Boot ::                (v3.1.4)

2023-12-09T18:04:19.972-04:00  INFO 20940 --- [    Test worker] c.e.p.PracticaCrudApplicationTests       : Starting PracticaCrudApplicationTests using Java 17.0.5 with PID 20940 (started by saulb in C:\Users\saulb\IdeaProjects\Emergentes\practica-1)
2023-12-09T18:04:19.973-04:00  INFO 20940 --- [    Test worker] c.e.p.PracticaCrudApplicationTests       : No active profile set, falling back to 1 default profile: "default"
2023-12-09T18:04:21.252-04:00  INFO 20940 --- [    Test worker] .s.d.r.c.RepositoryConfigurationDelegate : Bootstrapping Spring Data JPA repositories in DEFAULT mode.
2023-12-09T18:04:21.325-04:00  INFO 20940 --- [    Test worker] .s.d.r.c.RepositoryConfigurationDelegate : Finished Spring Data repository scanning in 63 ms. Found 3 JPA repository interfaces.
2023-12-09T18:04:21.929-04:00  INFO 20940 --- [    Test worker] com.zaxxer.hikari.HikariDataSource       : HikariPool-1 - Starting...
2023-12-09T18:04:22.211-04:00  INFO 20940 --- [    Test worker] com.zaxxer.hikari.pool.HikariPool        : HikariPool-1 - Added connection conn0: url=jdbc:h2:mem:SpringBoot user=SA
2023-12-09T18:04:22.214-04:00  INFO 20940 --- [    Test worker] com.zaxxer.hikari.HikariDataSource       : HikariPool-1 - Start completed.
2023-12-09T18:04:22.283-04:00  INFO 20940 --- [    Test worker] o.hibernate.jpa.internal.util.LogHelper  : HHH000204: Processing PersistenceUnitInfo [name: default]
2023-12-09T18:04:22.386-04:00  INFO 20940 --- [    Test worker] org.hibernate.Version                    : HHH000412: Hibernate ORM core version 6.2.9.Final
2023-12-09T18:04:22.389-04:00  INFO 20940 --- [    Test worker] org.hibernate.cfg.Environment            : HHH000406: Using bytecode reflection optimizer
2023-12-09T18:04:22.595-04:00  INFO 20940 --- [    Test worker] o.h.b.i.BytecodeProviderInitiator        : HHH000021: Bytecode provider name : bytebuddy
2023-12-09T18:04:22.814-04:00  INFO 20940 --- [    Test worker] o.s.o.j.p.SpringPersistenceUnitInfo      : No LoadTimeWeaver setup: ignoring JPA class transformer
2023-12-09T18:04:23.164-04:00  INFO 20940 --- [    Test worker] o.h.b.i.BytecodeProviderInitiator        : HHH000021: Bytecode provider name : bytebuddy
2023-12-09T18:04:23.819-04:00  INFO 20940 --- [    Test worker] o.h.e.t.j.p.i.JtaPlatformInitiator       : HHH000490: Using JtaPlatform implementation: [org.hibernate.engine.transaction.jta.platform.internal.NoJtaPlatform]
Hibernate: drop table if exists estudiante cascade 
Hibernate: drop table if exists rol cascade 
Hibernate: drop table if exists usuario cascade 
Hibernate: drop table if exists usuario_roles cascade 
Hibernate: create table estudiante (matricula integer not null, id bigint generated by default as identity, apellido varchar(255), nombre varchar(255), telefono varchar(255), primary key (id))
Hibernate: create table rol (role varchar(255) not null, primary key (role))
Hibernate: create table usuario (activo boolean not null, nombre varchar(255), password varchar(255), username varchar(255) not null, primary key (username))
Hibernate: create table usuario_roles (roles_role varchar(255) not null, usuario_username varchar(255) not null, primary key (roles_role, usuario_username))
Hibernate: alter table if exists usuario_roles add constraint FK6ejx9c8qmb94xagknl0s1vo6l foreign key (roles_role) references rol
Hibernate: alter table if exists usuario_roles add constraint FKaqjwpm6v8r9d0d70cbc9qru0t foreign key (usuario_username) references usuario
2023-12-09T18:04:23.875-04:00  INFO 20940 --- [    Test worker] j.LocalContainerEntityManagerFactoryBean : Initialized JPA EntityManagerFactory for persistence unit 'default'
2023-12-09T18:04:24.463-04:00  WARN 20940 --- [    Test worker] JpaBaseConfiguration$JpaWebConfiguration : spring.jpa.open-in-view is enabled by default. Therefore, database queries may be performed during view rendering. Explicitly configure spring.jpa.open-in-view to disable this warning
2023-12-09T18:04:24.648-04:00  INFO 20940 --- [    Test worker] o.s.b.a.w.s.WelcomePageHandlerMapping    : Adding welcome page template: index
2023-12-09T18:04:25.058-04:00  INFO 20940 --- [    Test worker] o.s.b.a.e.web.EndpointLinksResolver      : Exposing 13 endpoint(s) beneath base path '/actuator'
2023-12-09T18:04:25.125-04:00  INFO 20940 --- [    Test worker] o.s.s.web.DefaultSecurityFilterChain     : Will secure any request with [org.springframework.security.web.session.DisableEncodeUrlFilter@46d2be66, org.springframework.security.web.context.request.async.WebAsyncManagerIntegrationFilter@119de68f, org.springframework.security.web.context.SecurityContextHolderFilter@64648af1, org.springframework.security.web.header.HeaderWriterFilter@77fa2dcc, org.springframework.security.web.csrf.CsrfFilter@e38b953, org.springframework.security.web.authentication.logout.LogoutFilter@5cc85ffc, org.springframework.security.web.authentication.UsernamePasswordAuthenticationFilter@66d62c59, org.springframework.security.web.savedrequest.RequestCacheAwareFilter@4adb2b87, org.springframework.security.web.servletapi.SecurityContextHolderAwareRequestFilter@30dabb23, org.springframework.security.web.authentication.AnonymousAuthenticationFilter@529cd3ba, org.springframework.security.web.access.ExceptionTranslationFilter@226f472, org.springframework.security.web.access.intercept.AuthorizationFilter@5f0c45ae]
Autentificación en JPA
2023-12-09T18:04:25.744-04:00  INFO 20940 --- [    Test worker] o.s.b.a.h2.H2ConsoleAutoConfiguration    : H2 console available at '/h2-console'. Database available at 'jdbc:h2:mem:SpringBoot'
2023-12-09T18:04:25.849-04:00  INFO 20940 --- [    Test worker] c.e.p.PracticaCrudApplicationTests       : Started PracticaCrudApplicationTests in 6.149 seconds (process running for 7.489)
]]></system-out>
  <system-err><![CDATA[]]></system-err>
</testsuite>
